# JRE version: OpenJDK Runtime Environment (8.0_152-b01) (build 1.8.0_152-release-915-b01)
# Java VM: OpenJDK 64-Bit Server VM (25.152-b01 mixed mode windows-amd64 compressed oops)
Heap:
 PSYoungGen      total 473600K, used 114032K [0x00000000e0000000, 0x00000000fef00000, 0x0000000100000000)
  eden space 452608K, 20% used [0x00000000e0000000,0x00000000e5adefd0,0x00000000fba00000)
  from space 20992K, 99% used [0x00000000fd980000,0x00000000fedfd280,0x00000000fee00000)
  to   space 27136K, 0% used [0x00000000fba00000,0x00000000fba00000,0x00000000fd480000)
 ParOldGen       total 93696K, used 42294K [0x00000000a0000000, 0x00000000a5b80000, 0x00000000e0000000)
  object space 93696K, 45% used [0x00000000a0000000,0x00000000a294db60,0x00000000a5b80000)
 Metaspace       used 68873K, capacity 71768K, committed 71896K, reserved 1112064K
  class space    used 9001K, capacity 9727K, committed 9728K, reserved 1048576K
GC Heap History (10 events):
Event: 8.773 GC heap before
{Heap before GC invocations=11 (full 2):
 PSYoungGen      total 240128K, used 226816K [0x00000000e0000000, 0x00000000ef980000, 0x0000000100000000)
  eden space 226816K, 100% used [0x00000000e0000000,0x00000000edd80000,0x00000000edd80000)
  from space 13312K, 0% used [0x00000000eea80000,0x00000000eea80000,0x00000000ef780000)
  to   space 13312K, 0% used [0x00000000edd80000,0x00000000edd80000,0x00000000eea80000)
 ParOldGen       total 62464K, used 15568K [0x00000000a0000000, 0x00000000a3d00000, 0x00000000e0000000)
  object space 62464K, 24% used [0x00000000a0000000,0x00000000a0f34268,0x00000000a3d00000)
 Metaspace       used 50529K, capacity 51792K, committed 51928K, reserved 1093632K
  class space    used 6652K, capacity 7044K, committed 7168K, reserved 1048576K
Event: 8.790 GC heap after
Heap after GC invocations=11 (full 2):
 PSYoungGen      total 240128K, used 13298K [0x00000000e0000000, 0x00000000f6800000, 0x0000000100000000)
  eden space 226816K, 0% used [0x00000000e0000000,0x00000000e0000000,0x00000000edd80000)
  from space 13312K, 99% used [0x00000000edd80000,0x00000000eea7cab8,0x00000000eea80000)
  to   space 17920K, 0% used [0x00000000f5680000,0x00000000f5680000,0x00000000f6800000)
 ParOldGen       total 62464K, used 22942K [0x00000000a0000000, 0x00000000a3d00000, 0x00000000e0000000)
  object space 62464K, 36% used [0x00000000a0000000,0x00000000a1667a90,0x00000000a3d00000)
 Metaspace       used 50529K, capacity 51792K, committed 51928K, reserved 1093632K
  class space    used 6652K, capacity 7044K, committed 7168K, reserved 1048576K
}
Event: 11.289 GC heap before
{Heap before GC invocations=12 (full 2):
 PSYoungGen      total 240128K, used 240114K [0x00000000e0000000, 0x00000000f6800000, 0x0000000100000000)
  eden space 226816K, 100% used [0x00000000e0000000,0x00000000edd80000,0x00000000edd80000)
  from space 13312K, 99% used [0x00000000edd80000,0x00000000eea7cab8,0x00000000eea80000)
  to   space 17920K, 0% used [0x00000000f5680000,0x00000000f5680000,0x00000000f6800000)
 ParOldGen       total 62464K, used 22942K [0x00000000a0000000, 0x00000000a3d00000, 0x00000000e0000000)
  object space 62464K, 36% used [0x00000000a0000000,0x00000000a1667a90,0x00000000a3d00000)
 Metaspace       used 52895K, capacity 54294K, committed 54488K, reserved 1095680K
  class space    used 6940K, capacity 7381K, committed 7424K, reserved 1048576K
Event: 11.305 GC heap after
Heap after GC invocations=12 (full 2):
 PSYoungGen      total 344064K, used 17900K [0x00000000e0000000, 0x00000000f6880000, 0x0000000100000000)
  eden space 326144K, 0% used [0x00000000e0000000,0x00000000e0000000,0x00000000f3e80000)
  from space 17920K, 99% used [0x00000000f5680000,0x00000000f67fb380,0x00000000f6800000)
  to   space 21504K, 0% used [0x00000000f3e80000,0x00000000f3e80000,0x00000000f5380000)
 ParOldGen       total 62464K, used 26198K [0x00000000a0000000, 0x00000000a3d00000, 0x00000000e0000000)
  object space 62464K, 41% used [0x00000000a0000000,0x00000000a1995878,0x00000000a3d00000)
 Metaspace       used 52895K, capacity 54294K, committed 54488K, reserved 1095680K
  class space    used 6940K, capacity 7381K, committed 7424K, reserved 1048576K
}
Event: 11.905 GC heap before
{Heap before GC invocations=13 (full 2):
 PSYoungGen      total 344064K, used 94568K [0x00000000e0000000, 0x00000000f6880000, 0x0000000100000000)
  eden space 326144K, 23% used [0x00000000e0000000,0x00000000e4adeea8,0x00000000f3e80000)
  from space 17920K, 99% used [0x00000000f5680000,0x00000000f67fb380,0x00000000f6800000)
  to   space 21504K, 0% used [0x00000000f3e80000,0x00000000f3e80000,0x00000000f5380000)
 ParOldGen       total 62464K, used 26198K [0x00000000a0000000, 0x00000000a3d00000, 0x00000000e0000000)
  object space 62464K, 41% used [0x00000000a0000000,0x00000000a1995878,0x00000000a3d00000)
 Metaspace       used 57105K, capacity 58946K, committed 59028K, reserved 1099776K
  class space    used 7612K, capacity 8111K, committed 8192K, reserved 1048576K
Event: 11.924 GC heap after
Heap after GC invocations=13 (full 2):
 PSYoungGen      total 347648K, used 7135K [0x00000000e0000000, 0x00000000fee00000, 0x0000000100000000)
  eden space 326144K, 0% used [0x00000000e0000000,0x00000000e0000000,0x00000000f3e80000)
  from space 21504K, 33% used [0x00000000f3e80000,0x00000000f4577d18,0x00000000f5380000)
  to   space 20992K, 0% used [0x00000000fd980000,0x00000000fd980000,0x00000000fee00000)
 ParOldGen       total 62464K, used 37896K [0x00000000a0000000, 0x00000000a3d00000, 0x00000000e0000000)
  object space 62464K, 60% used [0x00000000a0000000,0x00000000a25022d8,0x00000000a3d00000)
 Metaspace       used 57105K, capacity 58946K, committed 59028K, reserved 1099776K
  class space    used 7612K, capacity 8111K, committed 8192K, reserved 1048576K
}
Event: 11.924 GC heap before
{Heap before GC invocations=14 (full 3):
 PSYoungGen      total 347648K, used 7135K [0x00000000e0000000, 0x00000000fee00000, 0x0000000100000000)
  eden space 326144K, 0% used [0x00000000e0000000,0x00000000e0000000,0x00000000f3e80000)
  from space 21504K, 33% used [0x00000000f3e80000,0x00000000f4577d18,0x00000000f5380000)
  to   space 20992K, 0% used [0x00000000fd980000,0x00000000fd980000,0x00000000fee00000)
 ParOldGen       total 62464K, used 37896K [0x00000000a0000000, 0x00000000a3d00000, 0x00000000e0000000)
  object space 62464K, 60% used [0x00000000a0000000,0x00000000a25022d8,0x00000000a3d00000)
 Metaspace       used 57105K, capacity 58946K, committed 59028K, reserved 1099776K
  class space    used 7612K, capacity 8111K, committed 8192K, reserved 1048576K
Event: 12.102 GC heap after
Heap after GC invocations=14 (full 3):
 PSYoungGen      total 347648K, used 0K [0x00000000e0000000, 0x00000000fee00000, 0x0000000100000000)
  eden space 326144K, 0% used [0x00000000e0000000,0x00000000e0000000,0x00000000f3e80000)
  from space 21504K, 0% used [0x00000000f3e80000,0x00000000f3e80000,0x00000000f5380000)
  to   space 20992K, 0% used [0x00000000fd980000,0x00000000fd980000,0x00000000fee00000)
 ParOldGen       total 93696K, used 33335K [0x00000000a0000000, 0x00000000a5b80000, 0x00000000e0000000)
  object space 93696K, 35% used [0x00000000a0000000,0x00000000a208dc30,0x00000000a5b80000)
 Metaspace       used 57078K, capacity 58858K, committed 59028K, reserved 1099776K
  class space    used 7604K, capacity 8103K, committed 8192K, reserved 1048576K
}
Event: 26.650 GC heap before
{Heap before GC invocations=15 (full 3):
 PSYoungGen      total 347648K, used 326144K [0x00000000e0000000, 0x00000000fee00000, 0x0000000100000000)
  eden space 326144K, 100% used [0x00000000e0000000,0x00000000f3e80000,0x00000000f3e80000)
  from space 21504K, 0% used [0x00000000f3e80000,0x00000000f3e80000,0x00000000f5380000)
  to   space 20992K, 0% used [0x00000000fd980000,0x00000000fd980000,0x00000000fee00000)
 ParOldGen       total 93696K, used 33335K [0x00000000a0000000, 0x00000000a5b80000, 0x00000000e0000000)
  object space 93696K, 35% used [0x00000000a0000000,0x00000000a208dc30,0x00000000a5b80000)
 Metaspace       used 67694K, capacity 70574K, committed 70744K, reserved 1110016K
  class space    used 8852K, capacity 9570K, committed 9600K, reserved 1048576K
Event: 26.859 GC heap after
Heap after GC invocations=15 (full 3):
 PSYoungGen      total 473600K, used 20980K [0x00000000e0000000, 0x00000000fef00000, 0x0000000100000000)
  eden space 452608K, 0% used [0x00000000e0000000,0x00000000e0000000,0x00000000fba00000)
  from space 20992K, 99% used [0x00000000fd980000,0x00000000fedfd280,0x00000000fee00000)
  to   space 27136K, 0% used [0x00000000fba00000,0x00000000fba00000,0x00000000fd480000)
 ParOldGen       total 93696K, used 42294K [0x00000000a0000000, 0x00000000a5b80000, 0x00000000e0000000)
  object space 93696K, 45% used [0x00000000a0000000,0x00000000a294db60,0x00000000a5b80000)
 Metaspace       used 67694K, capacity 70574K, committed 70744K, reserved 1110016K
  class space    used 8852K, capacity 9570K, committed 9600K, reserved 1048576K
}

