# JRE version: OpenJDK Runtime Environment (8.0_152-b01) (build 1.8.0_152-release-915-b01)
# Java VM: OpenJDK 64-Bit Server VM (25.152-b01 mixed mode windows-amd64 compressed oops)
Heap:
 PSYoungGen      total 447488K, used 241704K [0x00000000e0000000, 0x0000000100000000, 0x0000000100000000)
  eden space 385024K, 56% used [0x00000000e0000000,0x00000000ed31ff80,0x00000000f7800000)
  from space 62464K, 40% used [0x00000000fc300000,0x00000000fdbea1c0,0x0000000100000000)
  to   space 69632K, 0% used [0x00000000f7800000,0x00000000f7800000,0x00000000fbc00000)
 ParOldGen       total 205824K, used 113521K [0x00000000a0000000, 0x00000000ac900000, 0x00000000e0000000)
  object space 205824K, 55% used [0x00000000a0000000,0x00000000a6edc7c8,0x00000000ac900000)
 Metaspace       used 81400K, capacity 88450K, committed 88596K, reserved 1126400K
  class space    used 10450K, capacity 12043K, committed 12092K, reserved 1048576K
GC Heap History (10 events):
Event: 677.093 GC heap before
{Heap before GC invocations=29 (full 5):
 PSYoungGen      total 462848K, used 426977K [0x00000000e0000000, 0x00000000ffc00000, 0x0000000100000000)
  eden space 402432K, 100% used [0x00000000e0000000,0x00000000f8900000,0x00000000f8900000)
  from space 60416K, 40% used [0x00000000f8900000,0x00000000fa0f84a8,0x00000000fc400000)
  to   space 57344K, 0% used [0x00000000fc400000,0x00000000fc400000,0x00000000ffc00000)
 ParOldGen       total 205824K, used 92115K [0x00000000a0000000, 0x00000000ac900000, 0x00000000e0000000)
  object space 205824K, 44% used [0x00000000a0000000,0x00000000a59f4c60,0x00000000ac900000)
 Metaspace       used 79983K, capacity 86812K, committed 87188K, reserved 1124352K
  class space    used 10319K, capacity 11840K, committed 11964K, reserved 1048576K
Event: 677.103 GC heap after
Heap after GC invocations=29 (full 5):
 PSYoungGen      total 462848K, used 7594K [0x00000000e0000000, 0x00000000ffd00000, 0x0000000100000000)
  eden space 405504K, 0% used [0x00000000e0000000,0x00000000e0000000,0x00000000f8c00000)
  from space 57344K, 13% used [0x00000000fc400000,0x00000000fcb6ab90,0x00000000ffc00000)
  to   space 57344K, 0% used [0x00000000f8c00000,0x00000000f8c00000,0x00000000fc400000)
 ParOldGen       total 205824K, used 92123K [0x00000000a0000000, 0x00000000ac900000, 0x00000000e0000000)
  object space 205824K, 44% used [0x00000000a0000000,0x00000000a59f6c60,0x00000000ac900000)
 Metaspace       used 79983K, capacity 86812K, committed 87188K, reserved 1124352K
  class space    used 10319K, capacity 11840K, committed 11964K, reserved 1048576K
}
Event: 683.745 GC heap before
{Heap before GC invocations=30 (full 5):
 PSYoungGen      total 462848K, used 413098K [0x00000000e0000000, 0x00000000ffd00000, 0x0000000100000000)
  eden space 405504K, 100% used [0x00000000e0000000,0x00000000f8c00000,0x00000000f8c00000)
  from space 57344K, 13% used [0x00000000fc400000,0x00000000fcb6ab90,0x00000000ffc00000)
  to   space 57344K, 0% used [0x00000000f8c00000,0x00000000f8c00000,0x00000000fc400000)
 ParOldGen       total 205824K, used 92123K [0x00000000a0000000, 0x00000000ac900000, 0x00000000e0000000)
  object space 205824K, 44% used [0x00000000a0000000,0x00000000a59f6c60,0x00000000ac900000)
 Metaspace       used 80172K, capacity 86946K, committed 87188K, reserved 1124352K
  class space    used 10326K, capacity 11849K, committed 11964K, reserved 1048576K
Event: 683.783 GC heap after
Heap after GC invocations=30 (full 5):
 PSYoungGen      total 462848K, used 57312K [0x00000000e0000000, 0x0000000100000000, 0x0000000100000000)
  eden space 405504K, 0% used [0x00000000e0000000,0x00000000e0000000,0x00000000f8c00000)
  from space 57344K, 99% used [0x00000000f8c00000,0x00000000fc3f8040,0x00000000fc400000)
  to   space 61440K, 0% used [0x00000000fc400000,0x00000000fc400000,0x0000000100000000)
 ParOldGen       total 205824K, used 92405K [0x00000000a0000000, 0x00000000ac900000, 0x00000000e0000000)
  object space 205824K, 44% used [0x00000000a0000000,0x00000000a5a3d4f8,0x00000000ac900000)
 Metaspace       used 80172K, capacity 86946K, committed 87188K, reserved 1124352K
  class space    used 10326K, capacity 11849K, committed 11964K, reserved 1048576K
}
Event: 717.169 GC heap before
{Heap before GC invocations=31 (full 5):
 PSYoungGen      total 462848K, used 462816K [0x00000000e0000000, 0x0000000100000000, 0x0000000100000000)
  eden space 405504K, 100% used [0x00000000e0000000,0x00000000f8c00000,0x00000000f8c00000)
  from space 57344K, 99% used [0x00000000f8c00000,0x00000000fc3f8040,0x00000000fc400000)
  to   space 61440K, 0% used [0x00000000fc400000,0x00000000fc400000,0x0000000100000000)
 ParOldGen       total 205824K, used 92405K [0x00000000a0000000, 0x00000000ac900000, 0x00000000e0000000)
  object space 205824K, 44% used [0x00000000a0000000,0x00000000a5a3d4f8,0x00000000ac900000)
 Metaspace       used 80257K, capacity 87102K, committed 87188K, reserved 1124352K
  class space    used 10341K, capacity 11895K, committed 11964K, reserved 1048576K
Event: 717.190 GC heap after
Heap after GC invocations=31 (full 5):
 PSYoungGen      total 460800K, used 27496K [0x00000000e0000000, 0x0000000100000000, 0x0000000100000000)
  eden space 399360K, 0% used [0x00000000e0000000,0x00000000e0000000,0x00000000f8600000)
  from space 61440K, 44% used [0x00000000fc400000,0x00000000fdeda198,0x0000000100000000)
  to   space 62464K, 0% used [0x00000000f8600000,0x00000000f8600000,0x00000000fc300000)
 ParOldGen       total 205824K, used 95685K [0x00000000a0000000, 0x00000000ac900000, 0x00000000e0000000)
  object space 205824K, 46% used [0x00000000a0000000,0x00000000a5d71688,0x00000000ac900000)
 Metaspace       used 80257K, capacity 87102K, committed 87188K, reserved 1124352K
  class space    used 10341K, capacity 11895K, committed 11964K, reserved 1048576K
}
Event: 726.508 GC heap before
{Heap before GC invocations=32 (full 5):
 PSYoungGen      total 460800K, used 426856K [0x00000000e0000000, 0x0000000100000000, 0x0000000100000000)
  eden space 399360K, 100% used [0x00000000e0000000,0x00000000f8600000,0x00000000f8600000)
  from space 61440K, 44% used [0x00000000fc400000,0x00000000fdeda198,0x0000000100000000)
  to   space 62464K, 0% used [0x00000000f8600000,0x00000000f8600000,0x00000000fc300000)
 ParOldGen       total 205824K, used 95685K [0x00000000a0000000, 0x00000000ac900000, 0x00000000e0000000)
  object space 205824K, 46% used [0x00000000a0000000,0x00000000a5d71688,0x00000000ac900000)
 Metaspace       used 80569K, capacity 87502K, committed 87700K, reserved 1124352K
  class space    used 10356K, capacity 11919K, committed 11964K, reserved 1048576K
Event: 726.547 GC heap after
Heap after GC invocations=32 (full 5):
 PSYoungGen      total 461824K, used 62455K [0x00000000e0000000, 0x0000000100000000, 0x0000000100000000)
  eden space 399360K, 0% used [0x00000000e0000000,0x00000000e0000000,0x00000000f8600000)
  from space 62464K, 99% used [0x00000000f8600000,0x00000000fc2fdfc8,0x00000000fc300000)
  to   space 62464K, 0% used [0x00000000fc300000,0x00000000fc300000,0x0000000100000000)
 ParOldGen       total 205824K, used 97370K [0x00000000a0000000, 0x00000000ac900000, 0x00000000e0000000)
  object space 205824K, 47% used [0x00000000a0000000,0x00000000a5f16bb8,0x00000000ac900000)
 Metaspace       used 80569K, capacity 87502K, committed 87700K, reserved 1124352K
  class space    used 10356K, capacity 11919K, committed 11964K, reserved 1048576K
}
Event: 811.137 GC heap before
{Heap before GC invocations=33 (full 5):
 PSYoungGen      total 461824K, used 461815K [0x00000000e0000000, 0x0000000100000000, 0x0000000100000000)
  eden space 399360K, 100% used [0x00000000e0000000,0x00000000f8600000,0x00000000f8600000)
  from space 62464K, 99% used [0x00000000f8600000,0x00000000fc2fdfc8,0x00000000fc300000)
  to   space 62464K, 0% used [0x00000000fc300000,0x00000000fc300000,0x0000000100000000)
 ParOldGen       total 205824K, used 97370K [0x00000000a0000000, 0x00000000ac900000, 0x00000000e0000000)
  object space 205824K, 47% used [0x00000000a0000000,0x00000000a5f16bb8,0x00000000ac900000)
 Metaspace       used 80677K, capacity 87774K, committed 87956K, reserved 1126400K
  class space    used 10369K, capacity 11963K, committed 11964K, reserved 1048576K
Event: 811.173 GC heap after
Heap after GC invocations=33 (full 5):
 PSYoungGen      total 447488K, used 25512K [0x00000000e0000000, 0x0000000100000000, 0x0000000100000000)
  eden space 385024K, 0% used [0x00000000e0000000,0x00000000e0000000,0x00000000f7800000)
  from space 62464K, 40% used [0x00000000fc300000,0x00000000fdbea1c0,0x0000000100000000)
  to   space 69632K, 0% used [0x00000000f7800000,0x00000000f7800000,0x00000000fbc00000)
 ParOldGen       total 205824K, used 113521K [0x00000000a0000000, 0x00000000ac900000, 0x00000000e0000000)
  object space 205824K, 55% used [0x00000000a0000000,0x00000000a6edc7c8,0x00000000ac900000)
 Metaspace       used 80677K, capacity 87774K, committed 87956K, reserved 1126400K
  class space    used 10369K, capacity 11963K, committed 11964K, reserved 1048576K
}

